Using pre-set license
Built from '2020.3/staging' branch; Version is '2020.3.21f1 (a38c86f6690f) revision 10718342'; Using compiler version '192528614'; Build Type 'Release'
OS: 'Windows 10 Home Single Language; OS build 22000.318; Version 2009; 64bit' Language: 'es' Physical Memory: 16273 MB
BatchMode: 1, IsHumanControllingUs: 0, StartBugReporterOnCrash: 0, Is64bit: 1, IsPro: 0

COMMAND LINE ARGUMENTS:
C:\Program Files\Unity\Hub\Editor\2020.3.21f1\Editor\Unity.exe
-adb2
-batchMode
-noUpm
-name
AssetImportWorker0
-projectPath
C:/Users/juank/Prueba
-logFile
Logs/AssetImportWorker0.log
-srvPort
50349
Successfully changed project path to: C:/Users/juank/Prueba
C:/Users/juank/Prueba
Using Asset Import Pipeline V2.
Refreshing native plugins compatible for Editor in 38.27 ms, found 2 plugins.
Preloading 0 native plugins for Editor in 0.00 ms.
Initialize engine version: 2020.3.21f1 (a38c86f6690f)
[Subsystems] Discovering subsystems at path C:/Program Files/Unity/Hub/Editor/2020.3.21f1/Editor/Data/Resources/UnitySubsystems
[Subsystems] Discovering subsystems at path C:/Users/juank/Prueba/Assets
GfxDevice: creating device client; threaded=0
Direct3D:
    Version:  Direct3D 11.0 [level 11.1]
    Renderer: NVIDIA GeForce GTX 1050 (ID=0x1c8d)
    Vendor:   
    VRAM:     4019 MB
    Driver:   30.0.14.7196
Initialize mono
Mono path[0] = 'C:/Program Files/Unity/Hub/Editor/2020.3.21f1/Editor/Data/Managed'
Mono path[1] = 'C:/Program Files/Unity/Hub/Editor/2020.3.21f1/Editor/Data/MonoBleedingEdge/lib/mono/unityjit'
Mono config path = 'C:/Program Files/Unity/Hub/Editor/2020.3.21f1/Editor/Data/MonoBleedingEdge/etc'
Using monoOptions --debugger-agent=transport=dt_socket,embedding=1,server=y,suspend=n,address=127.0.0.1:56228
Begin MonoManager ReloadAssembly
Registering precompiled unity dll's ...
Register platform support module: C:/Program Files/Unity/Hub/Editor/2020.3.21f1/Editor/Data/PlaybackEngines/WindowsStandaloneSupport/UnityEditor.WindowsStandalone.Extensions.dll
Registered in 0.124734 seconds.
Native extension for WindowsStandalone target not found
Refreshing native plugins compatible for Editor in 35.95 ms, found 2 plugins.
Preloading 0 native plugins for Editor in 0.00 ms.
Mono: successfully reloaded assembly
- Completed reload, in  4.089 seconds
Domain Reload Profiling:
	ReloadAssembly (4089ms)
		BeginReloadAssembly (2485ms)
			ExecutionOrderSort (0ms)
			DisableScriptedObjects (0ms)
			BackupInstance (0ms)
			ReleaseScriptingObjects (0ms)
			CreateAndSetChildDomain (1ms)
		EndReloadAssembly (827ms)
			LoadAssemblies (2483ms)
			RebuildTransferFunctionScriptingTraits (0ms)
			SetupTypeCache (411ms)
			ReleaseScriptCaches (0ms)
			RebuildScriptCaches (34ms)
			SetupLoadedEditorAssemblies (268ms)
				LogAssemblyErrors (0ms)
				InitializePlatformSupportModulesInManaged (5ms)
				SetLoadedEditorAssemblies (1ms)
				RefreshPlugins (36ms)
				BeforeProcessingInitializeOnLoad (121ms)
				ProcessInitializeOnLoadAttributes (73ms)
				ProcessInitializeOnLoadMethodAttributes (32ms)
				AfterProcessingInitializeOnLoad (0ms)
				EditorAssembliesLoaded (0ms)
			ExecutionOrderSort2 (0ms)
			AwakeInstancesAfterBackupRestoration (0ms)
Platform modules already initialized, skipping
Registering precompiled user dll's ...
Registered in 0.600779 seconds.
Begin MonoManager ReloadAssembly
Native extension for WindowsStandalone target not found
Refreshing native plugins compatible for Editor in 0.49 ms, found 2 plugins.
Preloading 0 native plugins for Editor in 0.00 ms.
Mono: successfully reloaded assembly
- Completed reload, in  4.238 seconds
Domain Reload Profiling:
	ReloadAssembly (4244ms)
		BeginReloadAssembly (139ms)
			ExecutionOrderSort (0ms)
			DisableScriptedObjects (4ms)
			BackupInstance (0ms)
			ReleaseScriptingObjects (0ms)
			CreateAndSetChildDomain (18ms)
		EndReloadAssembly (4043ms)
			LoadAssemblies (1802ms)
			RebuildTransferFunctionScriptingTraits (0ms)
			SetupTypeCache (969ms)
			ReleaseScriptCaches (1ms)
			RebuildScriptCaches (48ms)
			SetupLoadedEditorAssemblies (1121ms)
				LogAssemblyErrors (0ms)
				InitializePlatformSupportModulesInManaged (5ms)
				SetLoadedEditorAssemblies (0ms)
				RefreshPlugins (1ms)
				BeforeProcessingInitializeOnLoad (81ms)
				ProcessInitializeOnLoadAttributes (406ms)
				ProcessInitializeOnLoadMethodAttributes (623ms)
				AfterProcessingInitializeOnLoad (5ms)
				EditorAssembliesLoaded (0ms)
			ExecutionOrderSort2 (0ms)
			AwakeInstancesAfterBackupRestoration (6ms)
Platform modules already initialized, skipping
========================================================================
Worker process is ready to serve import requests
Launched and connected shader compiler UnityShaderCompiler.exe after 0.10 seconds
Refreshing native plugins compatible for Editor in 0.43 ms, found 2 plugins.
Preloading 0 native plugins for Editor in 0.00 ms.
Unloading 1849 Unused Serialized files (Serialized files now loaded: 0)
System memory in use before: 95.6 MB.
System memory in use after: 95.6 MB.

Unloading 19 unused Assets to reduce memory usage. Loaded Objects now: 2301.
Total: 3.278900 ms (FindLiveObjects: 0.169400 ms CreateObjectMapping: 0.051100 ms MarkObjects: 2.954100 ms  DeleteObjects: 0.103400 ms)

AssetImportParameters requested are different than current active one (requested -> active):
  custom:framework-win-MediaFoundation: 216162199b28c13a410421893ffa2e32 -> 
  custom:video-decoder-ogg-theora: a1e56fd34408186e4bbccfd4996cb3dc -> 
  custom:container-muxer-webm: aa71ff27fc2769a1b78a27578f13a17b -> 
  custom:container-demuxer-webm: 4f35f7cbe854078d1ac9338744f61a02 -> 
  custom:container-demuxer-ogg: 62fdf1f143b41e24485cea50d1cbac27 -> 
  custom:video-encoder-webm-vp8: eb34c28f22e8b96e1ab97ce403110664 -> 
  custom:video-decoder-webm-vp8: 9c59270c3fd7afecdb556c50c9e8de78 -> 
  custom:audio-decoder-ogg-vorbis: bf7c407c2cedff20999df2af8eb42d56 -> 
  custom:audio-encoder-webm-vorbis: bf7c407c2cedff20999df2af8eb42d56 -> 
========================================================================
Received Import Request.
  path: Assets/Script/New Material.mat
  artifactKey: Guid(f31dd6cece34c7b4cabb6ae7f224510c) Importer(815301076,1909f56bfc062723c751e8b465ee728b)
Start importing Assets/Script/New Material.mat using Guid(f31dd6cece34c7b4cabb6ae7f224510c) Importer(815301076,1909f56bfc062723c751e8b465ee728b)  -> (artifact id: '5413559ffd49833d87fcf8d4fa839ce2') in 0.121092 seconds 
  Import took 0.123727 seconds .

========================================================================
Received Import Request.
  Time since last request: 411.618615 seconds.
  path: Assets/Script/Verde.mat
  artifactKey: Guid(f31dd6cece34c7b4cabb6ae7f224510c) Importer(815301076,1909f56bfc062723c751e8b465ee728b)
Start importing Assets/Script/Verde.mat using Guid(f31dd6cece34c7b4cabb6ae7f224510c) Importer(815301076,1909f56bfc062723c751e8b465ee728b)  -> (artifact id: '8eb66e9e09d8635ff3a4e650692fa7a8') in 0.028031 seconds 
  Import took 0.143228 seconds .

========================================================================
Received Import Request.
  Time since last request: 249.817840 seconds.
  path: Assets/Texturas/Terreno.jpg
  artifactKey: Guid(438e1f9e15be8374c875e31a39ed7c14) Importer(815301076,1909f56bfc062723c751e8b465ee728b)
Start importing Assets/Texturas/Terreno.jpg using Guid(438e1f9e15be8374c875e31a39ed7c14) Importer(815301076,1909f56bfc062723c751e8b465ee728b)  -> (artifact id: '47ee23298d41f52c22ae0cbff52d2564') in 0.204265 seconds 
  Import took 0.224471 seconds .

========================================================================
Received Import Request.
  Time since last request: 11.356088 seconds.
  path: Assets/Scenes/NewLayer.terrainlayer
  artifactKey: Guid(a236d9c6f5ce9c343a86b761f2751105) Importer(815301076,1909f56bfc062723c751e8b465ee728b)
Start importing Assets/Scenes/NewLayer.terrainlayer using Guid(a236d9c6f5ce9c343a86b761f2751105) Importer(815301076,1909f56bfc062723c751e8b465ee728b)  -> (artifact id: '98faa7f536aade17f9bb64054fd906f1') in 0.058722 seconds 
  Import took 0.061636 seconds .

========================================================================
Received Import Request.
  Time since last request: 9.468010 seconds.
  path: Assets/BrokenVector/LowPolyTreePack/Textures/Colorsheet Tree Cold.png
  artifactKey: Guid(ed297eb21cb5e5e4188600ba2d272554) Importer(815301076,1909f56bfc062723c751e8b465ee728b)
Start importing Assets/BrokenVector/LowPolyTreePack/Textures/Colorsheet Tree Cold.png using Guid(ed297eb21cb5e5e4188600ba2d272554) Importer(815301076,1909f56bfc062723c751e8b465ee728b)  -> (artifact id: '44beaefd814ff527c2447e73e4b56bbf') in 0.068735 seconds 
  Import took 0.073475 seconds .

========================================================================
Received Import Request.
  Time since last request: 0.000214 seconds.
  path: Assets/Scenes/SampleScene/ReflectionProbe-0.exr
  artifactKey: Guid(3dfe8d6fa5a096e489de440c2b7111dd) Importer(815301076,1909f56bfc062723c751e8b465ee728b)
Start importing Assets/Scenes/SampleScene/ReflectionProbe-0.exr using Guid(3dfe8d6fa5a096e489de440c2b7111dd) Importer(815301076,1909f56bfc062723c751e8b465ee728b)  -> (artifact id: 'b0bf6980e7bad61426a08c86ae8c275e') in 0.778819 seconds 
  Import took 0.794682 seconds .

========================================================================
Received Import Request.
  Time since last request: 0.000247 seconds.
  path: Assets/BrokenVector/LowPolyTreePack/Textures/Colorsheet Tree Fall.png
  artifactKey: Guid(99897f7919c46fc43969a2a130434315) Importer(815301076,1909f56bfc062723c751e8b465ee728b)
Start importing Assets/BrokenVector/LowPolyTreePack/Textures/Colorsheet Tree Fall.png using Guid(99897f7919c46fc43969a2a130434315) Importer(815301076,1909f56bfc062723c751e8b465ee728b)  -> (artifact id: '66fa95cdbdc0fe1c57dff372acb31b81') in 0.028756 seconds 
  Import took 0.032592 seconds .

========================================================================
Received Import Request.
  Time since last request: 0.000290 seconds.
  path: Assets/BrokenVector/LowPolyTreePack/Textures/Colorsheet Tree Normal.png
  artifactKey: Guid(8ba8b94b5ab0c214fa2810a7df98a1a9) Importer(815301076,1909f56bfc062723c751e8b465ee728b)
Start importing Assets/BrokenVector/LowPolyTreePack/Textures/Colorsheet Tree Normal.png using Guid(8ba8b94b5ab0c214fa2810a7df98a1a9) Importer(815301076,1909f56bfc062723c751e8b465ee728b)  -> (artifact id: 'df3b86f1cd82473d39309777bd042a65') in 0.019373 seconds 
  Import took 0.022607 seconds .

========================================================================
Received Import Request.
  Time since last request: 0.000284 seconds.
  path: Assets/TerrainData_90d28697-9bd8-4a0f-bcca-8aeff6bf1964.asset
  artifactKey: Guid(bc3bfaad033ff3e4cbf520c61d2f6f91) Importer(815301076,1909f56bfc062723c751e8b465ee728b)
Start importing Assets/TerrainData_90d28697-9bd8-4a0f-bcca-8aeff6bf1964.asset using Guid(bc3bfaad033ff3e4cbf520c61d2f6f91) Importer(815301076,1909f56bfc062723c751e8b465ee728b)  -> (artifact id: 'ce38497bc1bfe6f1cfc9720cb5d54323') in 0.197108 seconds 
  Import took 0.224178 seconds .

========================================================================
Received Import Request.
  Time since last request: 0.000258 seconds.
  path: Assets/BrokenVector/LowPolyTreePack/Textures/Colorsheet Tree Dry.png
  artifactKey: Guid(9236635f319ab034fa33215e8eaa903a) Importer(815301076,1909f56bfc062723c751e8b465ee728b)
Start importing Assets/BrokenVector/LowPolyTreePack/Textures/Colorsheet Tree Dry.png using Guid(9236635f319ab034fa33215e8eaa903a) Importer(815301076,1909f56bfc062723c751e8b465ee728b)  -> (artifact id: '9843630ee1d4d8fb02844c4ce8c3aa60') in 0.022378 seconds 
  Import took 0.045985 seconds .

========================================================================
Received Import Request.
  Time since last request: 570.593439 seconds.
  path: Assets/Objetos/Verde.mat
  artifactKey: Guid(d251fbc1d787971449dff98a0af10812) Importer(815301076,1909f56bfc062723c751e8b465ee728b)
Start importing Assets/Objetos/Verde.mat using Guid(d251fbc1d787971449dff98a0af10812) Importer(815301076,1909f56bfc062723c751e8b465ee728b)  -> (artifact id: 'f50e62fd9148af93329f236cef087ed1') in 0.019146 seconds 
  Import took 0.022856 seconds .

========================================================================
Received Prepare
Registering precompiled user dll's ...
Registered in 0.004607 seconds.
Begin MonoManager ReloadAssembly
Native extension for WindowsStandalone target not found
Refreshing native plugins compatible for Editor in 0.55 ms, found 2 plugins.
Preloading 0 native plugins for Editor in 0.00 ms.
Mono: successfully reloaded assembly
- Completed reload, in  1.139 seconds
Domain Reload Profiling:
	ReloadAssembly (1140ms)
		BeginReloadAssembly (137ms)
			ExecutionOrderSort (0ms)
			DisableScriptedObjects (4ms)
			BackupInstance (0ms)
			ReleaseScriptingObjects (0ms)
			CreateAndSetChildDomain (41ms)
		EndReloadAssembly (928ms)
			LoadAssemblies (100ms)
			RebuildTransferFunctionScriptingTraits (0ms)
			SetupTypeCache (330ms)
			ReleaseScriptCaches (1ms)
			RebuildScriptCaches (50ms)
			SetupLoadedEditorAssemblies (346ms)
				LogAssemblyErrors (0ms)
				InitializePlatformSupportModulesInManaged (5ms)
				SetLoadedEditorAssemblies (1ms)
				RefreshPlugins (1ms)
				BeforeProcessingInitializeOnLoad (85ms)
				ProcessInitializeOnLoadAttributes (239ms)
				ProcessInitializeOnLoadMethodAttributes (10ms)
				AfterProcessingInitializeOnLoad (6ms)
				EditorAssembliesLoaded (0ms)
			ExecutionOrderSort2 (0ms)
			AwakeInstancesAfterBackupRestoration (7ms)
Platform modules already initialized, skipping
Refreshing native plugins compatible for Editor in 0.42 ms, found 2 plugins.
Preloading 0 native plugins for Editor in 0.00 ms.
Unloading 1820 Unused Serialized files (Serialized files now loaded: 0)
System memory in use before: 96.5 MB.
System memory in use after: 96.6 MB.

Unloading 14 unused Assets to reduce memory usage. Loaded Objects now: 2349.
Total: 4.050500 ms (FindLiveObjects: 0.190200 ms CreateObjectMapping: 0.083900 ms MarkObjects: 3.755700 ms  DeleteObjects: 0.019400 ms)

AssetImportParameters requested are different than current active one (requested -> active):
  custom:framework-win-MediaFoundation: 216162199b28c13a410421893ffa2e32 -> 
  custom:video-decoder-ogg-theora: a1e56fd34408186e4bbccfd4996cb3dc -> 
  custom:container-muxer-webm: aa71ff27fc2769a1b78a27578f13a17b -> 
  custom:container-demuxer-webm: 4f35f7cbe854078d1ac9338744f61a02 -> 
  custom:container-demuxer-ogg: 62fdf1f143b41e24485cea50d1cbac27 -> 
  custom:video-encoder-webm-vp8: eb34c28f22e8b96e1ab97ce403110664 -> 
  custom:video-decoder-webm-vp8: 9c59270c3fd7afecdb556c50c9e8de78 -> 
  custom:audio-decoder-ogg-vorbis: bf7c407c2cedff20999df2af8eb42d56 -> 
  custom:audio-encoder-webm-vorbis: bf7c407c2cedff20999df2af8eb42d56 -> 
========================================================================
Received Import Request.
  Time since last request: 1498.152541 seconds.
  path: Assets/Objetos/Nivel del agua.png
  artifactKey: Guid(a720e761b5e3a82409dd779e3745c841) Importer(815301076,1909f56bfc062723c751e8b465ee728b)
Start importing Assets/Objetos/Nivel del agua.png using Guid(a720e761b5e3a82409dd779e3745c841) Importer(815301076,1909f56bfc062723c751e8b465ee728b)  -> (artifact id: '3740b1e9636530924ff04f7653490af6') in 0.041277 seconds 
  Import took 0.044681 seconds .

========================================================================
Received Import Request.
  Time since last request: 25.032265 seconds.
  path: Assets/Objetos/Nivel del agua.png
  artifactKey: Guid(a720e761b5e3a82409dd779e3745c841) Importer(815301076,1909f56bfc062723c751e8b465ee728b)
Start importing Assets/Objetos/Nivel del agua.png using Guid(a720e761b5e3a82409dd779e3745c841) Importer(815301076,1909f56bfc062723c751e8b465ee728b)  -> (artifact id: '2d7464cb9b376bace6d2f4a6336f9331') in 0.051968 seconds 
  Import took 0.055667 seconds .

========================================================================
Received Import Request.
  Time since last request: 1361.858439 seconds.
  path: Assets/New Terrain 2.asset
  artifactKey: Guid(70724dd70e3d215489a399226a5dae3e) Importer(815301076,1909f56bfc062723c751e8b465ee728b)
Start importing Assets/New Terrain 2.asset using Guid(70724dd70e3d215489a399226a5dae3e) Importer(815301076,1909f56bfc062723c751e8b465ee728b)  -> (artifact id: '1b090a83007cb31db765ac2a39df7c03') in 0.041098 seconds 
  Import took 0.045504 seconds .

========================================================================
Received Import Request.
  Time since last request: 657.804115 seconds.
  path: Assets/Script/Riego.cs
  artifactKey: Guid(f4969b1407990c742b11bf086ad2f0dc) Importer(815301076,1909f56bfc062723c751e8b465ee728b)
Start importing Assets/Script/Riego.cs using Guid(f4969b1407990c742b11bf086ad2f0dc) Importer(815301076,1909f56bfc062723c751e8b465ee728b)  -> (artifact id: '57ad2b3c4ef13a9f6894f34652385c8f') in 0.748446 seconds 
  Import took 0.773207 seconds .

========================================================================
Received Import Request.
  Time since last request: 1085.558554 seconds.
  path: Assets/Script/Riego.cs
  artifactKey: Guid(f4969b1407990c742b11bf086ad2f0dc) Importer(815301076,1909f56bfc062723c751e8b465ee728b)
Start importing Assets/Script/Riego.cs using Guid(f4969b1407990c742b11bf086ad2f0dc) Importer(815301076,1909f56bfc062723c751e8b465ee728b)  -> (artifact id: '053e106f62b8ecfb48321914262b8a4b') in 0.009414 seconds 
  Import took 0.074652 seconds .

========================================================================
Received Import Request.
  Time since last request: 19.819354 seconds.
  path: Assets/Script/BajarNivel.cs
  artifactKey: Guid(cf967903764f5f140a960bd87866e6d2) Importer(815301076,1909f56bfc062723c751e8b465ee728b)
Start importing Assets/Script/BajarNivel.cs using Guid(cf967903764f5f140a960bd87866e6d2) Importer(815301076,1909f56bfc062723c751e8b465ee728b)  -> (artifact id: 'ea62ca3410d1cf7f29a12523f6a51d4f') in 0.015030 seconds 
  Import took 0.018818 seconds .

========================================================================
Received Prepare
Registering precompiled user dll's ...
Registered in 0.003869 seconds.
Begin MonoManager ReloadAssembly
Native extension for WindowsStandalone target not found
Refreshing native plugins compatible for Editor in 0.41 ms, found 2 plugins.
Preloading 0 native plugins for Editor in 0.00 ms.
Mono: successfully reloaded assembly
- Completed reload, in  1.191 seconds
Domain Reload Profiling:
	ReloadAssembly (1194ms)
		BeginReloadAssembly (245ms)
			ExecutionOrderSort (0ms)
			DisableScriptedObjects (11ms)
			BackupInstance (0ms)
			ReleaseScriptingObjects (0ms)
			CreateAndSetChildDomain (101ms)
		EndReloadAssembly (856ms)
			LoadAssemblies (131ms)
			RebuildTransferFunctionScriptingTraits (0ms)
			SetupTypeCache (305ms)
			ReleaseScriptCaches (1ms)
			RebuildScriptCaches (38ms)
			SetupLoadedEditorAssemblies (300ms)
				LogAssemblyErrors (0ms)
				InitializePlatformSupportModulesInManaged (6ms)
				SetLoadedEditorAssemblies (1ms)
				RefreshPlugins (0ms)
				BeforeProcessingInitializeOnLoad (74ms)
				ProcessInitializeOnLoadAttributes (205ms)
				ProcessInitializeOnLoadMethodAttributes (8ms)
				AfterProcessingInitializeOnLoad (5ms)
				EditorAssembliesLoaded (0ms)
			ExecutionOrderSort2 (0ms)
			AwakeInstancesAfterBackupRestoration (6ms)
Platform modules already initialized, skipping
Refreshing native plugins compatible for Editor in 0.39 ms, found 2 plugins.
Preloading 0 native plugins for Editor in 0.00 ms.
Unloading 1821 Unused Serialized files (Serialized files now loaded: 0)
System memory in use before: 96.6 MB.
System memory in use after: 96.7 MB.

Unloading 14 unused Assets to reduce memory usage. Loaded Objects now: 2356.
Total: 3.242700 ms (FindLiveObjects: 0.179400 ms CreateObjectMapping: 0.072200 ms MarkObjects: 2.970900 ms  DeleteObjects: 0.019200 ms)

AssetImportParameters requested are different than current active one (requested -> active):
  custom:framework-win-MediaFoundation: 216162199b28c13a410421893ffa2e32 -> 
  custom:video-decoder-ogg-theora: a1e56fd34408186e4bbccfd4996cb3dc -> 
  custom:container-muxer-webm: aa71ff27fc2769a1b78a27578f13a17b -> 
  custom:container-demuxer-webm: 4f35f7cbe854078d1ac9338744f61a02 -> 
  custom:container-demuxer-ogg: 62fdf1f143b41e24485cea50d1cbac27 -> 
  custom:video-encoder-webm-vp8: eb34c28f22e8b96e1ab97ce403110664 -> 
  custom:video-decoder-webm-vp8: 9c59270c3fd7afecdb556c50c9e8de78 -> 
  custom:audio-decoder-ogg-vorbis: bf7c407c2cedff20999df2af8eb42d56 -> 
  custom:audio-encoder-webm-vorbis: bf7c407c2cedff20999df2af8eb42d56 -> 
========================================================================
Received Import Request.
  Time since last request: 339.634666 seconds.
  path: Assets/Script/BajarNivel.cs
  artifactKey: Guid(cf967903764f5f140a960bd87866e6d2) Importer(815301076,1909f56bfc062723c751e8b465ee728b)
Start importing Assets/Script/BajarNivel.cs using Guid(cf967903764f5f140a960bd87866e6d2) Importer(815301076,1909f56bfc062723c751e8b465ee728b)  -> (artifact id: '92a1235aa25e0e272685d33ab4073935') in 0.005300 seconds 
  Import took 0.007905 seconds .

========================================================================
Received Prepare
Registering precompiled user dll's ...
Registered in 0.005246 seconds.
Begin MonoManager ReloadAssembly
Native extension for WindowsStandalone target not found
Refreshing native plugins compatible for Editor in 0.43 ms, found 2 plugins.
Preloading 0 native plugins for Editor in 0.00 ms.
Mono: successfully reloaded assembly
- Completed reload, in  1.528 seconds
Domain Reload Profiling:
	ReloadAssembly (1528ms)
		BeginReloadAssembly (176ms)
			ExecutionOrderSort (0ms)
			DisableScriptedObjects (5ms)
			BackupInstance (0ms)
			ReleaseScriptingObjects (0ms)
			CreateAndSetChildDomain (40ms)
		EndReloadAssembly (1280ms)
			LoadAssemblies (143ms)
			RebuildTransferFunctionScriptingTraits (0ms)
			SetupTypeCache (341ms)
			ReleaseScriptCaches (1ms)
			RebuildScriptCaches (50ms)
			SetupLoadedEditorAssemblies (493ms)
				LogAssemblyErrors (0ms)
				InitializePlatformSupportModulesInManaged (5ms)
				SetLoadedEditorAssemblies (1ms)
				RefreshPlugins (1ms)
				BeforeProcessingInitializeOnLoad (105ms)
				ProcessInitializeOnLoadAttributes (365ms)
				ProcessInitializeOnLoadMethodAttributes (12ms)
				AfterProcessingInitializeOnLoad (5ms)
				EditorAssembliesLoaded (0ms)
			ExecutionOrderSort2 (0ms)
			AwakeInstancesAfterBackupRestoration (8ms)
Platform modules already initialized, skipping
Refreshing native plugins compatible for Editor in 0.42 ms, found 2 plugins.
Preloading 0 native plugins for Editor in 0.00 ms.
Unloading 1821 Unused Serialized files (Serialized files now loaded: 0)
System memory in use before: 96.6 MB.
System memory in use after: 96.7 MB.

Unloading 14 unused Assets to reduce memory usage. Loaded Objects now: 2358.
Total: 12.591900 ms (FindLiveObjects: 0.536400 ms CreateObjectMapping: 0.260300 ms MarkObjects: 11.769200 ms  DeleteObjects: 0.022500 ms)

AssetImportParameters requested are different than current active one (requested -> active):
  custom:framework-win-MediaFoundation: 216162199b28c13a410421893ffa2e32 -> 
  custom:video-decoder-ogg-theora: a1e56fd34408186e4bbccfd4996cb3dc -> 
  custom:container-muxer-webm: aa71ff27fc2769a1b78a27578f13a17b -> 
  custom:container-demuxer-webm: 4f35f7cbe854078d1ac9338744f61a02 -> 
  custom:container-demuxer-ogg: 62fdf1f143b41e24485cea50d1cbac27 -> 
  custom:video-encoder-webm-vp8: eb34c28f22e8b96e1ab97ce403110664 -> 
  custom:video-decoder-webm-vp8: 9c59270c3fd7afecdb556c50c9e8de78 -> 
  custom:audio-decoder-ogg-vorbis: bf7c407c2cedff20999df2af8eb42d56 -> 
  custom:audio-encoder-webm-vorbis: bf7c407c2cedff20999df2af8eb42d56 -> 
